
Pool shape : torch.Size([40000, 1, 28, 28])
Starting epig acquisition
Using original estimate_epig function
epig_use_logprobs:True
[run_acq_epig_marglik_40k.py:192]INFO: Initial test log-likelihood: -3.3480
[run_acq_epig_marglik_40k.py:193]INFO: Initial test Bayes log-likelihood: -2.3148
[run_acq_epig_marglik_40k.py:194]INFO: Initial accuracy: 55.99%
We are in concat
Starting epig acquisition
Using original estimate_epig function
epig_use_logprobs:True
[run_acq_epig_marglik_40k.py:233]INFO: Test log-likelihood at 21: -2.9707
[run_acq_epig_marglik_40k.py:234]INFO: Test Bayes log-likelihood at 21: -2.2624
[run_acq_epig_marglik_40k.py:235]INFO: Test accuracy: 56.42%
Traceback (most recent call last):
  File "/dss/dsshome1/0D/ge32jaq2/epig_plus_orig_marglik/active_learning_marglik/run_acq_epig_marglik_40k.py", line 72, in estimate_epig_minibatch_logprobs
    f_mu, f_var = m_model.la._glm_predictive_distribution(combined_inputs)
  File "/usr/local/lib/python3.10/dist-packages/torch/utils/_contextlib.py", line 115, in decorate_context
    return func(*args, **kwargs)
  File "/usr/local/lib/python3.10/dist-packages/laplace/baselaplace.py", line 674, in _glm_predictive_distribution
    Js, f_mu = self.backend.jacobians(X, enable_backprop=self.enable_backprop)
  File "/usr/local/lib/python3.10/dist-packages/laplace/curvature/asdl.py", line 44, in jacobians
    f = batch_gradient(self.model, loss_fn, x, None).detach()
  File "/usr/local/lib/python3.10/dist-packages/asdfghjkl/gradient.py", line 58, in batch_gradient
    f = model(inputs)
  File "/usr/local/lib/python3.10/dist-packages/torch/nn/modules/module.py", line 1518, in _wrapped_call_impl
    return self._call_impl(*args, **kwargs)
  File "/usr/local/lib/python3.10/dist-packages/torch/nn/modules/module.py", line 1527, in _call_impl
    return forward_call(*args, **kwargs)
  File "/usr/local/lib/python3.10/dist-packages/torch/nn/modules/container.py", line 215, in forward
    input = module(input)
  File "/usr/local/lib/python3.10/dist-packages/torch/nn/modules/module.py", line 1518, in _wrapped_call_impl
    return self._call_impl(*args, **kwargs)
  File "/usr/local/lib/python3.10/dist-packages/torch/nn/modules/module.py", line 1581, in _call_impl
    hook_result = hook(self, args, result)
  File "/usr/local/lib/python3.10/dist-packages/asdfghjkl/core.py", line 21, in forward_hook
    in_data = _preprocess_in_data(module, in_data, out_data)
  File "/usr/local/lib/python3.10/dist-packages/asdfghjkl/core.py", line 68, in _preprocess_in_data
    in_data = im2col_2d(in_data, module)
  File "/usr/local/lib/python3.10/dist-packages/asdfghjkl/utils.py", line 53, in im2col_2d
    Mx = F.unfold(
  File "/usr/local/lib/python3.10/dist-packages/torch/nn/functional.py", line 4756, in unfold
    return torch._C._nn.im2col(input, _pair(kernel_size), _pair(dilation), _pair(padding), _pair(stride))
KeyboardInterrupt
During handling of the above exception, another exception occurred:
Traceback (most recent call last):
  File "/dss/dsshome1/0D/ge32jaq2/epig_plus_orig_marglik/active_learning_marglik/run_acq_epig_marglik_40k.py", line 304, in <module>
    main(**args)
  File "/dss/dsshome1/0D/ge32jaq2/epig_plus_orig_marglik/active_learning_marglik/run_acq_epig_marglik_40k.py", line 219, in main
    scores = estimate_epig(learner, dataset.get_pool_loader(batch_size=batch_size), target_inputs, cfg.acquisition.epig_using_matmul, epig_use_logprobs)
  File "/dss/dsshome1/0D/ge32jaq2/epig_plus_orig_marglik/active_learning_marglik/run_acq_epig_marglik_40k.py", line 53, in estimate_epig
    epig_scores = estimate_epig_minibatch_logprobs(m_model, inputs, target_inputs, use_matmul)  # [B,]
  File "/dss/dsshome1/0D/ge32jaq2/epig_plus_orig_marglik/active_learning_marglik/run_acq_epig_marglik_40k.py", line 77, in estimate_epig_minibatch_logprobs
    f_mu, f_var = m_model.la._glm_predictive_distribution(combined_inputs)
  File "/usr/local/lib/python3.10/dist-packages/torch/utils/_contextlib.py", line 115, in decorate_context
    return func(*args, **kwargs)
  File "/usr/local/lib/python3.10/dist-packages/laplace/baselaplace.py", line 680, in _glm_predictive_distribution
    f_var = self.functional_variance(Js)
  File "/usr/local/lib/python3.10/dist-packages/laplace/baselaplace.py", line 944, in functional_variance
    return self.posterior_precision.inv_square_form(Js)
  File "/usr/local/lib/python3.10/dist-packages/laplace/baselaplace.py", line 929, in posterior_precision
    return self.H * self._H_factor + self.prior_precision
  File "/usr/local/lib/python3.10/dist-packages/laplace/utils/matrix.py", line 325, in __mul__
    eigenvalues = [[pow(scalar, 1/len(ls)) * l for l in ls] for ls in self.eigenvalues]
  File "/usr/local/lib/python3.10/dist-packages/laplace/utils/matrix.py", line 325, in <listcomp>
    eigenvalues = [[pow(scalar, 1/len(ls)) * l for l in ls] for ls in self.eigenvalues]
  File "/usr/local/lib/python3.10/dist-packages/laplace/utils/matrix.py", line 325, in <listcomp>
    eigenvalues = [[pow(scalar, 1/len(ls)) * l for l in ls] for ls in self.eigenvalues]
KeyboardInterrupt
Traceback (most recent call last):
  File "/dss/dsshome1/0D/ge32jaq2/epig_plus_orig_marglik/active_learning_marglik/run_acq_epig_marglik_40k.py", line 72, in estimate_epig_minibatch_logprobs
    f_mu, f_var = m_model.la._glm_predictive_distribution(combined_inputs)
  File "/usr/local/lib/python3.10/dist-packages/torch/utils/_contextlib.py", line 115, in decorate_context
    return func(*args, **kwargs)
  File "/usr/local/lib/python3.10/dist-packages/laplace/baselaplace.py", line 674, in _glm_predictive_distribution
    Js, f_mu = self.backend.jacobians(X, enable_backprop=self.enable_backprop)
  File "/usr/local/lib/python3.10/dist-packages/laplace/curvature/asdl.py", line 44, in jacobians
    f = batch_gradient(self.model, loss_fn, x, None).detach()
  File "/usr/local/lib/python3.10/dist-packages/asdfghjkl/gradient.py", line 58, in batch_gradient
    f = model(inputs)
  File "/usr/local/lib/python3.10/dist-packages/torch/nn/modules/module.py", line 1518, in _wrapped_call_impl
    return self._call_impl(*args, **kwargs)
  File "/usr/local/lib/python3.10/dist-packages/torch/nn/modules/module.py", line 1527, in _call_impl
    return forward_call(*args, **kwargs)
  File "/usr/local/lib/python3.10/dist-packages/torch/nn/modules/container.py", line 215, in forward
    input = module(input)
  File "/usr/local/lib/python3.10/dist-packages/torch/nn/modules/module.py", line 1518, in _wrapped_call_impl
    return self._call_impl(*args, **kwargs)
  File "/usr/local/lib/python3.10/dist-packages/torch/nn/modules/module.py", line 1581, in _call_impl
    hook_result = hook(self, args, result)
  File "/usr/local/lib/python3.10/dist-packages/asdfghjkl/core.py", line 21, in forward_hook
    in_data = _preprocess_in_data(module, in_data, out_data)
  File "/usr/local/lib/python3.10/dist-packages/asdfghjkl/core.py", line 68, in _preprocess_in_data
    in_data = im2col_2d(in_data, module)
  File "/usr/local/lib/python3.10/dist-packages/asdfghjkl/utils.py", line 53, in im2col_2d
    Mx = F.unfold(
  File "/usr/local/lib/python3.10/dist-packages/torch/nn/functional.py", line 4756, in unfold
    return torch._C._nn.im2col(input, _pair(kernel_size), _pair(dilation), _pair(padding), _pair(stride))
KeyboardInterrupt
During handling of the above exception, another exception occurred:
Traceback (most recent call last):
  File "/dss/dsshome1/0D/ge32jaq2/epig_plus_orig_marglik/active_learning_marglik/run_acq_epig_marglik_40k.py", line 304, in <module>
    main(**args)
  File "/dss/dsshome1/0D/ge32jaq2/epig_plus_orig_marglik/active_learning_marglik/run_acq_epig_marglik_40k.py", line 219, in main
    scores = estimate_epig(learner, dataset.get_pool_loader(batch_size=batch_size), target_inputs, cfg.acquisition.epig_using_matmul, epig_use_logprobs)
  File "/dss/dsshome1/0D/ge32jaq2/epig_plus_orig_marglik/active_learning_marglik/run_acq_epig_marglik_40k.py", line 53, in estimate_epig
    epig_scores = estimate_epig_minibatch_logprobs(m_model, inputs, target_inputs, use_matmul)  # [B,]
  File "/dss/dsshome1/0D/ge32jaq2/epig_plus_orig_marglik/active_learning_marglik/run_acq_epig_marglik_40k.py", line 77, in estimate_epig_minibatch_logprobs
    f_mu, f_var = m_model.la._glm_predictive_distribution(combined_inputs)
  File "/usr/local/lib/python3.10/dist-packages/torch/utils/_contextlib.py", line 115, in decorate_context
    return func(*args, **kwargs)
  File "/usr/local/lib/python3.10/dist-packages/laplace/baselaplace.py", line 680, in _glm_predictive_distribution
    f_var = self.functional_variance(Js)
  File "/usr/local/lib/python3.10/dist-packages/laplace/baselaplace.py", line 944, in functional_variance
    return self.posterior_precision.inv_square_form(Js)
  File "/usr/local/lib/python3.10/dist-packages/laplace/baselaplace.py", line 929, in posterior_precision
    return self.H * self._H_factor + self.prior_precision
  File "/usr/local/lib/python3.10/dist-packages/laplace/utils/matrix.py", line 325, in __mul__
    eigenvalues = [[pow(scalar, 1/len(ls)) * l for l in ls] for ls in self.eigenvalues]
  File "/usr/local/lib/python3.10/dist-packages/laplace/utils/matrix.py", line 325, in <listcomp>
    eigenvalues = [[pow(scalar, 1/len(ls)) * l for l in ls] for ls in self.eigenvalues]
  File "/usr/local/lib/python3.10/dist-packages/laplace/utils/matrix.py", line 325, in <listcomp>
    eigenvalues = [[pow(scalar, 1/len(ls)) * l for l in ls] for ls in self.eigenvalues]
KeyboardInterrupt